2019-10-18 17:20:25.723  INFO 11764 --- [restartedMain] c.d.p.ProjectmoduleApplication           : Starting ProjectmoduleApplication on ipanel-PC with PID 11764 (E:\ideaProject\projectmodule\target\classes started by Administrator in E:\ideaProject\projectmodule)
2019-10-18 17:20:25.725  INFO 11764 --- [restartedMain] c.d.p.ProjectmoduleApplication           : No active profile set, falling back to default profiles: default
2019-10-18 17:20:25.760  INFO 11764 --- [restartedMain] .e.DevToolsPropertyDefaultsPostProcessor : Devtools property defaults active! Set 'spring.devtools.add-properties' to 'false' to disable
2019-10-18 17:20:25.760  INFO 11764 --- [restartedMain] .e.DevToolsPropertyDefaultsPostProcessor : For additional web related logging consider setting the 'logging.level.web' property to 'DEBUG'
2019-10-18 17:20:26.370  INFO 11764 --- [restartedMain] .s.d.r.c.RepositoryConfigurationDelegate : Bootstrapping Spring Data repositories in DEFAULT mode.
2019-10-18 17:20:26.422  INFO 11764 --- [restartedMain] .s.d.r.c.RepositoryConfigurationDelegate : Finished Spring Data repository scanning in 45ms. Found 1 repository interfaces.
2019-10-18 17:20:26.736  INFO 11764 --- [restartedMain] trationDelegate$BeanPostProcessorChecker : Bean 'org.springframework.transaction.annotation.ProxyTransactionManagementConfiguration' of type [org.springframework.transaction.annotation.ProxyTransactionManagementConfiguration$$EnhancerBySpringCGLIB$$21aeb005] is not eligible for getting processed by all BeanPostProcessors (for example: not eligible for auto-proxying)
2019-10-18 17:20:27.107  INFO 11764 --- [restartedMain] o.s.b.w.embedded.tomcat.TomcatWebServer  : Tomcat initialized with port(s): 8080 (http)
2019-10-18 17:20:27.125  INFO 11764 --- [restartedMain] o.apache.catalina.core.StandardService   : Starting service [Tomcat]
2019-10-18 17:20:27.126  INFO 11764 --- [restartedMain] org.apache.catalina.core.StandardEngine  : Starting Servlet engine: [Apache Tomcat/9.0.26]
2019-10-18 17:20:27.131  INFO 11764 --- [restartedMain] o.a.catalina.core.AprLifecycleListener   : Loaded APR based Apache Tomcat Native library [1.2.23] using APR version [1.7.0].
2019-10-18 17:20:27.131  INFO 11764 --- [restartedMain] o.a.catalina.core.AprLifecycleListener   : APR capabilities: IPv6 [true], sendfile [true], accept filters [false], random [true].
2019-10-18 17:20:27.131  INFO 11764 --- [restartedMain] o.a.catalina.core.AprLifecycleListener   : APR/OpenSSL configuration: useAprConnector [false], useOpenSSL [true]
2019-10-18 17:20:27.134  INFO 11764 --- [restartedMain] o.a.catalina.core.AprLifecycleListener   : OpenSSL successfully initialized [OpenSSL 1.1.1c  28 May 2019]
2019-10-18 17:20:27.236  INFO 11764 --- [restartedMain] o.a.c.c.C.[.[localhost].[/PROMOD]        : Initializing Spring embedded WebApplicationContext
2019-10-18 17:20:27.237  INFO 11764 --- [restartedMain] o.s.web.context.ContextLoader            : Root WebApplicationContext: initialization completed in 1476 ms
2019-10-18 17:20:27.435  INFO 11764 --- [restartedMain] com.zaxxer.hikari.HikariDataSource       : HikariPool-1 - Starting...
2019-10-18 17:20:27.533  INFO 11764 --- [restartedMain] com.zaxxer.hikari.HikariDataSource       : HikariPool-1 - Start completed.
2019-10-18 17:20:27.574  INFO 11764 --- [restartedMain] o.hibernate.jpa.internal.util.LogHelper  : HHH000204: Processing PersistenceUnitInfo [
	name: default
	...]
2019-10-18 17:20:27.625  INFO 11764 --- [restartedMain] org.hibernate.Version                    : HHH000412: Hibernate Core {5.3.12.Final}
2019-10-18 17:20:27.627  INFO 11764 --- [restartedMain] org.hibernate.cfg.Environment            : HHH000206: hibernate.properties not found
2019-10-18 17:20:27.735  INFO 11764 --- [restartedMain] o.hibernate.annotations.common.Version   : HCANN000001: Hibernate Commons Annotations {5.0.4.Final}
2019-10-18 17:20:27.832  INFO 11764 --- [restartedMain] org.hibernate.dialect.Dialect            : HHH000400: Using dialect: org.hibernate.dialect.MySQL5Dialect
2019-10-18 17:20:28.220  INFO 11764 --- [restartedMain] j.LocalContainerEntityManagerFactoryBean : Initialized JPA EntityManagerFactory for persistence unit 'default'
2019-10-18 17:20:28.678  INFO 11764 --- [restartedMain] o.s.s.concurrent.ThreadPoolTaskExecutor  : Initializing ExecutorService 'applicationTaskExecutor'
2019-10-18 17:20:28.715  WARN 11764 --- [restartedMain] aWebConfiguration$JpaWebMvcConfiguration : spring.jpa.open-in-view is enabled by default. Therefore, database queries may be performed during view rendering. Explicitly configure spring.jpa.open-in-view to disable this warning
2019-10-18 17:20:28.941  INFO 11764 --- [restartedMain] o.s.b.d.a.OptionalLiveReloadServer       : LiveReload server is running on port 35729
2019-10-18 17:20:28.983  INFO 11764 --- [restartedMain] o.s.b.w.embedded.tomcat.TomcatWebServer  : Tomcat started on port(s): 8080 (http) with context path '/PROMOD'
2019-10-18 17:20:28.986  INFO 11764 --- [restartedMain] c.d.p.ProjectmoduleApplication           : Started ProjectmoduleApplication in 3.654 seconds (JVM running for 4.246)
2019-10-18 17:20:32.149  INFO 11764 --- [http-nio-8080-exec-2] o.a.c.c.C.[.[localhost].[/PROMOD]        : Initializing Spring DispatcherServlet 'dispatcherServlet'
2019-10-18 17:20:32.149  INFO 11764 --- [http-nio-8080-exec-2] o.s.web.servlet.DispatcherServlet        : Initializing Servlet 'dispatcherServlet'
2019-10-18 17:20:32.158  INFO 11764 --- [http-nio-8080-exec-2] o.s.web.servlet.DispatcherServlet        : Completed initialization in 9 ms
2019-10-18 17:20:32.184  INFO 11764 --- [http-nio-8080-exec-2] c.d.projectmodule.aop.ControllerLogAop   : url: http://localhost:8080/PROMOD/user/1
2019-10-18 17:20:32.184  INFO 11764 --- [http-nio-8080-exec-2] c.d.projectmodule.aop.ControllerLogAop   : method: GET
2019-10-18 17:20:32.185  INFO 11764 --- [http-nio-8080-exec-2] c.d.projectmodule.aop.ControllerLogAop   : remote ip: 0:0:0:0:0:0:0:1
2019-10-18 17:20:32.185  INFO 11764 --- [http-nio-8080-exec-2] c.d.projectmodule.aop.ControllerLogAop   : args: [1]
2019-10-18 17:20:32.187  INFO 11764 --- [http-nio-8080-exec-2] c.d.projectmodule.aop.ControllerLogAop   : method: com.dlg.projectmodule.controller.UserController.getUser
2019-10-18 17:20:32.298  WARN 11764 --- [http-nio-8080-exec-2] .m.m.a.ExceptionHandlerExceptionResolver : Resolved [com.dlg.projectmodule.exception.UserException: 用户ID不存在]
2019-10-18 17:24:50.092  WARN 11764 --- [http-nio-8080-exec-7] .m.m.a.ExceptionHandlerExceptionResolver : Resolved [org.springframework.http.converter.HttpMessageNotReadableException: JSON parse error: Cannot deserialize value of type `int` from String "b": not a valid Integer value; nested exception is com.fasterxml.jackson.databind.exc.InvalidFormatException: Cannot deserialize value of type `int` from String "b": not a valid Integer value
 at [Source: (PushbackInputStream); line: 4, column: 16] (through reference chain: com.dlg.projectmodule.request.UserInfo["address_id"])]
2019-10-18 17:25:24.351  INFO 11764 --- [http-nio-8080-exec-9] c.d.projectmodule.aop.ControllerLogAop   : url: http://localhost:8080/PROMOD/user/add
2019-10-18 17:25:24.354  INFO 11764 --- [http-nio-8080-exec-9] c.d.projectmodule.aop.ControllerLogAop   : method: POST
2019-10-18 17:25:24.354  INFO 11764 --- [http-nio-8080-exec-9] c.d.projectmodule.aop.ControllerLogAop   : remote ip: 0:0:0:0:0:0:0:1
2019-10-18 17:25:24.354  INFO 11764 --- [http-nio-8080-exec-9] c.d.projectmodule.aop.ControllerLogAop   : args: [UserInfo(name=a, age=13, address_id=1)]
2019-10-18 17:25:24.354  INFO 11764 --- [http-nio-8080-exec-9] c.d.projectmodule.aop.ControllerLogAop   : method: com.dlg.projectmodule.controller.UserController.addUser
2019-10-18 17:52:18.865  INFO 6044 --- [restartedMain] c.d.p.ProjectmoduleApplication           : Starting ProjectmoduleApplication on ipanel-PC with PID 6044 (E:\ideaProject\projectmodule\target\classes started by Administrator in E:\ideaProject\projectmodule)
2019-10-18 17:52:18.868  INFO 6044 --- [restartedMain] c.d.p.ProjectmoduleApplication           : No active profile set, falling back to default profiles: default
2019-10-18 17:52:18.905  INFO 6044 --- [restartedMain] .e.DevToolsPropertyDefaultsPostProcessor : Devtools property defaults active! Set 'spring.devtools.add-properties' to 'false' to disable
2019-10-18 17:52:18.905  INFO 6044 --- [restartedMain] .e.DevToolsPropertyDefaultsPostProcessor : For additional web related logging consider setting the 'logging.level.web' property to 'DEBUG'
2019-10-18 17:52:19.493  INFO 6044 --- [restartedMain] .s.d.r.c.RepositoryConfigurationDelegate : Bootstrapping Spring Data repositories in DEFAULT mode.
2019-10-18 17:52:19.545  INFO 6044 --- [restartedMain] .s.d.r.c.RepositoryConfigurationDelegate : Finished Spring Data repository scanning in 46ms. Found 1 repository interfaces.
2019-10-18 17:52:19.857  INFO 6044 --- [restartedMain] trationDelegate$BeanPostProcessorChecker : Bean 'org.springframework.transaction.annotation.ProxyTransactionManagementConfiguration' of type [org.springframework.transaction.annotation.ProxyTransactionManagementConfiguration$$EnhancerBySpringCGLIB$$5fb9111d] is not eligible for getting processed by all BeanPostProcessors (for example: not eligible for auto-proxying)
2019-10-18 17:52:20.219  INFO 6044 --- [restartedMain] o.s.b.w.embedded.tomcat.TomcatWebServer  : Tomcat initialized with port(s): 8080 (http)
2019-10-18 17:52:20.236  INFO 6044 --- [restartedMain] o.apache.catalina.core.StandardService   : Starting service [Tomcat]
2019-10-18 17:52:20.236  INFO 6044 --- [restartedMain] org.apache.catalina.core.StandardEngine  : Starting Servlet engine: [Apache Tomcat/9.0.26]
2019-10-18 17:52:20.242  INFO 6044 --- [restartedMain] o.a.catalina.core.AprLifecycleListener   : Loaded APR based Apache Tomcat Native library [1.2.23] using APR version [1.7.0].
2019-10-18 17:52:20.242  INFO 6044 --- [restartedMain] o.a.catalina.core.AprLifecycleListener   : APR capabilities: IPv6 [true], sendfile [true], accept filters [false], random [true].
2019-10-18 17:52:20.242  INFO 6044 --- [restartedMain] o.a.catalina.core.AprLifecycleListener   : APR/OpenSSL configuration: useAprConnector [false], useOpenSSL [true]
2019-10-18 17:52:20.246  INFO 6044 --- [restartedMain] o.a.catalina.core.AprLifecycleListener   : OpenSSL successfully initialized [OpenSSL 1.1.1c  28 May 2019]
2019-10-18 17:52:20.438  INFO 6044 --- [restartedMain] o.a.c.c.C.[.[localhost].[/PROMOD]        : Initializing Spring embedded WebApplicationContext
2019-10-18 17:52:20.439  INFO 6044 --- [restartedMain] o.s.web.context.ContextLoader            : Root WebApplicationContext: initialization completed in 1534 ms
2019-10-18 17:52:20.643  INFO 6044 --- [restartedMain] com.zaxxer.hikari.HikariDataSource       : HikariPool-1 - Starting...
2019-10-18 17:52:21.467  INFO 6044 --- [restartedMain] com.zaxxer.hikari.HikariDataSource       : HikariPool-1 - Start completed.
2019-10-18 17:52:21.526  INFO 6044 --- [restartedMain] o.hibernate.jpa.internal.util.LogHelper  : HHH000204: Processing PersistenceUnitInfo [
	name: default
	...]
2019-10-18 17:52:21.579  INFO 6044 --- [restartedMain] org.hibernate.Version                    : HHH000412: Hibernate Core {5.3.12.Final}
2019-10-18 17:52:21.581  INFO 6044 --- [restartedMain] org.hibernate.cfg.Environment            : HHH000206: hibernate.properties not found
2019-10-18 17:52:21.682  INFO 6044 --- [restartedMain] o.hibernate.annotations.common.Version   : HCANN000001: Hibernate Commons Annotations {5.0.4.Final}
2019-10-18 17:52:21.780  INFO 6044 --- [restartedMain] org.hibernate.dialect.Dialect            : HHH000400: Using dialect: org.hibernate.dialect.MySQL5Dialect
2019-10-18 17:52:22.192  INFO 6044 --- [restartedMain] j.LocalContainerEntityManagerFactoryBean : Initialized JPA EntityManagerFactory for persistence unit 'default'
2019-10-18 17:52:22.667  INFO 6044 --- [restartedMain] o.s.s.concurrent.ThreadPoolTaskExecutor  : Initializing ExecutorService 'applicationTaskExecutor'
2019-10-18 17:52:22.705  WARN 6044 --- [restartedMain] aWebConfiguration$JpaWebMvcConfiguration : spring.jpa.open-in-view is enabled by default. Therefore, database queries may be performed during view rendering. Explicitly configure spring.jpa.open-in-view to disable this warning
2019-10-18 17:52:22.924  INFO 6044 --- [restartedMain] o.s.b.d.a.OptionalLiveReloadServer       : LiveReload server is running on port 35729
2019-10-18 17:52:22.967  INFO 6044 --- [restartedMain] o.s.b.w.embedded.tomcat.TomcatWebServer  : Tomcat started on port(s): 8080 (http) with context path '/PROMOD'
2019-10-18 17:52:22.970  INFO 6044 --- [restartedMain] c.d.p.ProjectmoduleApplication           : Started ProjectmoduleApplication in 4.545 seconds (JVM running for 5.16)
2019-10-18 17:52:34.969  INFO 6044 --- [http-nio-8080-exec-1] o.a.c.c.C.[.[localhost].[/PROMOD]        : Initializing Spring DispatcherServlet 'dispatcherServlet'
2019-10-18 17:52:34.969  INFO 6044 --- [http-nio-8080-exec-1] o.s.web.servlet.DispatcherServlet        : Initializing Servlet 'dispatcherServlet'
2019-10-18 17:52:34.980  INFO 6044 --- [http-nio-8080-exec-1] o.s.web.servlet.DispatcherServlet        : Completed initialization in 10 ms
2019-10-18 17:52:35.041  WARN 6044 --- [http-nio-8080-exec-1] o.s.web.servlet.PageNotFound             : Request method 'POST' not supported
2019-10-18 17:52:35.072  WARN 6044 --- [http-nio-8080-exec-1] .m.m.a.ExceptionHandlerExceptionResolver : Resolved [org.springframework.web.HttpRequestMethodNotSupportedException: Request method 'POST' not supported]
2019-10-18 17:52:44.979  WARN 6044 --- [http-nio-8080-exec-3] o.s.web.servlet.PageNotFound             : Request method 'POST' not supported
2019-10-18 17:52:44.981  WARN 6044 --- [http-nio-8080-exec-3] .m.m.a.ExceptionHandlerExceptionResolver : Resolved [org.springframework.web.HttpRequestMethodNotSupportedException: Request method 'POST' not supported]
2019-10-18 17:52:56.960  INFO 6044 --- [http-nio-8080-exec-4] c.d.projectmodule.aop.ControllerLogAop   : url: http://localhost:8080/PROMOD/user/list
2019-10-18 17:52:56.961  INFO 6044 --- [http-nio-8080-exec-4] c.d.projectmodule.aop.ControllerLogAop   : method: GET
2019-10-18 17:52:56.961  INFO 6044 --- [http-nio-8080-exec-4] c.d.projectmodule.aop.ControllerLogAop   : remote ip: 0:0:0:0:0:0:0:1
2019-10-18 17:52:56.961  INFO 6044 --- [http-nio-8080-exec-4] c.d.projectmodule.aop.ControllerLogAop   : args: []
2019-10-18 17:52:56.962  INFO 6044 --- [http-nio-8080-exec-4] c.d.projectmodule.aop.ControllerLogAop   : method: com.dlg.projectmodule.controller.UserController.getUser
2019-10-18 17:52:57.055  INFO 6044 --- [http-nio-8080-exec-4] o.h.h.i.QueryTranslatorFactoryInitiator  : HHH000397: Using ASTQueryTranslatorFactory
2019-10-18 17:53:12.507  WARN 6044 --- [http-nio-8080-exec-5] .m.m.a.ExceptionHandlerExceptionResolver : Resolved [org.springframework.http.converter.HttpMessageNotReadableException: Required request body is missing: public com.dlg.projectmodule.response.Response<java.util.List<com.dlg.projectmodule.response.UserVO>> com.dlg.projectmodule.controller.UserController.getUserByPage(com.dlg.projectmodule.response.page.TablePageRequest)]
2019-10-18 17:53:52.544  INFO 6044 --- [http-nio-8080-exec-7] c.d.projectmodule.aop.ControllerLogAop   : url: http://localhost:8080/PROMOD/user/list_page
2019-10-18 17:53:52.544  INFO 6044 --- [http-nio-8080-exec-7] c.d.projectmodule.aop.ControllerLogAop   : method: GET
2019-10-18 17:53:52.545  INFO 6044 --- [http-nio-8080-exec-7] c.d.projectmodule.aop.ControllerLogAop   : remote ip: 0:0:0:0:0:0:0:1
2019-10-18 17:53:52.545  INFO 6044 --- [http-nio-8080-exec-7] c.d.projectmodule.aop.ControllerLogAop   : args: [TablePageRequest(page=1, limits=10, data=a)]
2019-10-18 17:53:52.545  INFO 6044 --- [http-nio-8080-exec-7] c.d.projectmodule.aop.ControllerLogAop   : method: com.dlg.projectmodule.controller.UserController.getUserByPage
2019-10-18 17:54:24.494  WARN 6044 --- [http-nio-8080-exec-8] .m.m.a.ExceptionHandlerExceptionResolver : Resolved [org.springframework.http.converter.HttpMessageNotReadableException: Required request body is missing: public com.dlg.projectmodule.response.Response<java.util.List<com.dlg.projectmodule.response.UserVO>> com.dlg.projectmodule.controller.UserController.getUserByPage(com.dlg.projectmodule.response.page.TablePageRequest)]
2019-10-18 17:57:30.428  INFO 11496 --- [restartedMain] c.d.p.ProjectmoduleApplication           : Starting ProjectmoduleApplication on ipanel-PC with PID 11496 (E:\ideaProject\projectmodule\target\classes started by Administrator in E:\ideaProject\projectmodule)
2019-10-18 17:57:30.430  INFO 11496 --- [restartedMain] c.d.p.ProjectmoduleApplication           : No active profile set, falling back to default profiles: default
2019-10-18 17:57:30.515  INFO 11496 --- [restartedMain] .e.DevToolsPropertyDefaultsPostProcessor : Devtools property defaults active! Set 'spring.devtools.add-properties' to 'false' to disable
2019-10-18 17:57:30.516  INFO 11496 --- [restartedMain] .e.DevToolsPropertyDefaultsPostProcessor : For additional web related logging consider setting the 'logging.level.web' property to 'DEBUG'
2019-10-18 17:57:31.100  INFO 11496 --- [restartedMain] .s.d.r.c.RepositoryConfigurationDelegate : Bootstrapping Spring Data repositories in DEFAULT mode.
2019-10-18 17:57:31.151  INFO 11496 --- [restartedMain] .s.d.r.c.RepositoryConfigurationDelegate : Finished Spring Data repository scanning in 46ms. Found 1 repository interfaces.
2019-10-18 17:57:31.429  INFO 11496 --- [restartedMain] trationDelegate$BeanPostProcessorChecker : Bean 'org.springframework.transaction.annotation.ProxyTransactionManagementConfiguration' of type [org.springframework.transaction.annotation.ProxyTransactionManagementConfiguration$$EnhancerBySpringCGLIB$$a8c9d35b] is not eligible for getting processed by all BeanPostProcessors (for example: not eligible for auto-proxying)
2019-10-18 17:57:31.789  INFO 11496 --- [restartedMain] o.s.b.w.embedded.tomcat.TomcatWebServer  : Tomcat initialized with port(s): 8080 (http)
2019-10-18 17:57:31.807  INFO 11496 --- [restartedMain] o.apache.catalina.core.StandardService   : Starting service [Tomcat]
2019-10-18 17:57:31.807  INFO 11496 --- [restartedMain] org.apache.catalina.core.StandardEngine  : Starting Servlet engine: [Apache Tomcat/9.0.26]
2019-10-18 17:57:31.815  INFO 11496 --- [restartedMain] o.a.catalina.core.AprLifecycleListener   : Loaded APR based Apache Tomcat Native library [1.2.23] using APR version [1.7.0].
2019-10-18 17:57:31.815  INFO 11496 --- [restartedMain] o.a.catalina.core.AprLifecycleListener   : APR capabilities: IPv6 [true], sendfile [true], accept filters [false], random [true].
2019-10-18 17:57:31.815  INFO 11496 --- [restartedMain] o.a.catalina.core.AprLifecycleListener   : APR/OpenSSL configuration: useAprConnector [false], useOpenSSL [true]
2019-10-18 17:57:31.819  INFO 11496 --- [restartedMain] o.a.catalina.core.AprLifecycleListener   : OpenSSL successfully initialized [OpenSSL 1.1.1c  28 May 2019]
2019-10-18 17:57:31.903  INFO 11496 --- [restartedMain] o.a.c.c.C.[.[localhost].[/PROMOD]        : Initializing Spring embedded WebApplicationContext
2019-10-18 17:57:31.904  INFO 11496 --- [restartedMain] o.s.web.context.ContextLoader            : Root WebApplicationContext: initialization completed in 1388 ms
2019-10-18 17:57:32.119  INFO 11496 --- [restartedMain] com.zaxxer.hikari.HikariDataSource       : HikariPool-1 - Starting...
2019-10-18 17:57:32.225  INFO 11496 --- [restartedMain] com.zaxxer.hikari.HikariDataSource       : HikariPool-1 - Start completed.
2019-10-18 17:57:32.264  INFO 11496 --- [restartedMain] o.hibernate.jpa.internal.util.LogHelper  : HHH000204: Processing PersistenceUnitInfo [
	name: default
	...]
2019-10-18 17:57:32.304  INFO 11496 --- [restartedMain] org.hibernate.Version                    : HHH000412: Hibernate Core {5.3.12.Final}
2019-10-18 17:57:32.305  INFO 11496 --- [restartedMain] org.hibernate.cfg.Environment            : HHH000206: hibernate.properties not found
2019-10-18 17:57:32.401  INFO 11496 --- [restartedMain] o.hibernate.annotations.common.Version   : HCANN000001: Hibernate Commons Annotations {5.0.4.Final}
2019-10-18 17:57:32.498  INFO 11496 --- [restartedMain] org.hibernate.dialect.Dialect            : HHH000400: Using dialect: org.hibernate.dialect.MySQL5Dialect
2019-10-18 17:57:32.874  INFO 11496 --- [restartedMain] j.LocalContainerEntityManagerFactoryBean : Initialized JPA EntityManagerFactory for persistence unit 'default'
2019-10-18 17:57:33.327  INFO 11496 --- [restartedMain] o.s.s.concurrent.ThreadPoolTaskExecutor  : Initializing ExecutorService 'applicationTaskExecutor'
2019-10-18 17:57:33.363  WARN 11496 --- [restartedMain] aWebConfiguration$JpaWebMvcConfiguration : spring.jpa.open-in-view is enabled by default. Therefore, database queries may be performed during view rendering. Explicitly configure spring.jpa.open-in-view to disable this warning
2019-10-18 17:57:33.574  INFO 11496 --- [restartedMain] o.s.b.d.a.OptionalLiveReloadServer       : LiveReload server is running on port 35729
2019-10-18 17:57:33.615  INFO 11496 --- [restartedMain] o.s.b.w.embedded.tomcat.TomcatWebServer  : Tomcat started on port(s): 8080 (http) with context path '/PROMOD'
2019-10-18 17:57:33.617  INFO 11496 --- [restartedMain] c.d.p.ProjectmoduleApplication           : Started ProjectmoduleApplication in 3.517 seconds (JVM running for 4.094)
2019-10-18 17:57:37.745  INFO 11496 --- [http-nio-8080-exec-2] o.a.c.c.C.[.[localhost].[/PROMOD]        : Initializing Spring DispatcherServlet 'dispatcherServlet'
2019-10-18 17:57:37.746  INFO 11496 --- [http-nio-8080-exec-2] o.s.web.servlet.DispatcherServlet        : Initializing Servlet 'dispatcherServlet'
2019-10-18 17:57:37.756  INFO 11496 --- [http-nio-8080-exec-2] o.s.web.servlet.DispatcherServlet        : Completed initialization in 10 ms
2019-10-18 17:57:37.789  INFO 11496 --- [http-nio-8080-exec-2] c.d.projectmodule.aop.ControllerLogAop   : url: http://localhost:8080/PROMOD/user/list_page
2019-10-18 17:57:37.789  INFO 11496 --- [http-nio-8080-exec-2] c.d.projectmodule.aop.ControllerLogAop   : method: GET
2019-10-18 17:57:37.789  INFO 11496 --- [http-nio-8080-exec-2] c.d.projectmodule.aop.ControllerLogAop   : remote ip: 0:0:0:0:0:0:0:1
2019-10-18 17:57:37.790  INFO 11496 --- [http-nio-8080-exec-2] c.d.projectmodule.aop.ControllerLogAop   : args: [TablePageRequest(page=1, limits=10, data=a)]
2019-10-18 17:57:37.791  INFO 11496 --- [http-nio-8080-exec-2] c.d.projectmodule.aop.ControllerLogAop   : method: com.dlg.projectmodule.controller.UserController.getUserByPage
2019-10-18 17:57:37.828  INFO 11496 --- [http-nio-8080-exec-2] o.h.h.i.QueryTranslatorFactoryInitiator  : HHH000397: Using ASTQueryTranslatorFactory
